  Final.cpp
C:\Users\pecer\OneDrive\Documents\GitHub\Lab_Computaci-n_Gr-fica\Proyecto\Project3\include\shader_m.h(44,40): warning C4101: 'e': variable local sin referencia
C:\Users\pecer\OneDrive\Documents\GitHub\Lab_Computaci-n_Gr-fica\Proyecto\Project3\include\mesh.h(88,1): warning C4267: 'argumento': conversión de 'size_t' a 'GLsizei'; posible pérdida de datos
C:\Users\pecer\OneDrive\Documents\GitHub\Lab_Computaci-n_Gr-fica\Proyecto\Project3\include\meshAnim.h(116,1): warning C4267: 'argumento': conversión de 'size_t' a 'GLsizei'; posible pérdida de datos
C:\Users\pecer\OneDrive\Documents\GitHub\Lab_Computaci-n_Gr-fica\Proyecto\Project3\include\modelAnim.h(104,44): warning C4244: '=': conversión de 'double' a 'float'; posible pérdida de datos
C:\Users\pecer\OneDrive\Documents\GitHub\Lab_Computaci-n_Gr-fica\Proyecto\Project3\include\modelAnim.h(520,24): warning C4244: 'inicializando': conversión de 'double' a 'float'; posible pérdida de datos
C:\Users\pecer\OneDrive\Documents\GitHub\Lab_Computaci-n_Gr-fica\Proyecto\Project3\Final.cpp(461,11): warning C4244: '=': conversión de 'double' a 'float'; posible pérdida de datos
C:\Users\pecer\OneDrive\Documents\GitHub\Lab_Computaci-n_Gr-fica\Proyecto\Project3\Final.cpp(462,11): warning C4244: '=': conversión de 'double' a 'float'; posible pérdida de datos
C:\Users\pecer\OneDrive\Documents\GitHub\Lab_Computaci-n_Gr-fica\Proyecto\Project3\Final.cpp(466,16): warning C4244: 'inicializando': conversión de 'double' a 'float'; posible pérdida de datos
C:\Users\pecer\OneDrive\Documents\GitHub\Lab_Computaci-n_Gr-fica\Proyecto\Project3\Final.cpp(467,16): warning C4244: 'inicializando': conversión de 'double' a 'float'; posible pérdida de datos
C:\Users\pecer\OneDrive\Documents\GitHub\Lab_Computaci-n_Gr-fica\Proyecto\Project3\Final.cpp(469,10): warning C4244: '=': conversión de 'double' a 'float'; posible pérdida de datos
C:\Users\pecer\OneDrive\Documents\GitHub\Lab_Computaci-n_Gr-fica\Proyecto\Project3\Final.cpp(470,10): warning C4244: '=': conversión de 'double' a 'float'; posible pérdida de datos
C:\Users\pecer\OneDrive\Documents\GitHub\Lab_Computaci-n_Gr-fica\Proyecto\Project3\Final.cpp(478,28): warning C4244: 'argumento': conversión de 'double' a 'float'; posible pérdida de datos
  glad.c
Final.obj : error LNK2019: símbolo externo glfwInit sin resolver al que se hace referencia en la función main
Final.obj : error LNK2019: símbolo externo glfwTerminate sin resolver al que se hace referencia en la función main
Final.obj : error LNK2019: símbolo externo glfwGetPrimaryMonitor sin resolver al que se hace referencia en la función "void __cdecl getResolution(void)" (?getResolution@@YAXXZ)
Final.obj : error LNK2019: símbolo externo glfwGetVideoMode sin resolver al que se hace referencia en la función "void __cdecl getResolution(void)" (?getResolution@@YAXXZ)
Final.obj : error LNK2019: símbolo externo glfwCreateWindow sin resolver al que se hace referencia en la función main
Final.obj : error LNK2019: símbolo externo glfwWindowShouldClose sin resolver al que se hace referencia en la función main
Final.obj : error LNK2019: símbolo externo glfwSetWindowShouldClose sin resolver al que se hace referencia en la función "void __cdecl my_input(struct GLFWwindow *,int,int,int,int)" (?my_input@@YAXPEAUGLFWwindow@@HHHH@Z)
Final.obj : error LNK2019: símbolo externo glfwSetWindowPos sin resolver al que se hace referencia en la función main
Final.obj : error LNK2019: símbolo externo glfwSetFramebufferSizeCallback sin resolver al que se hace referencia en la función main
Final.obj : error LNK2019: símbolo externo glfwPollEvents sin resolver al que se hace referencia en la función main
Final.obj : error LNK2019: símbolo externo glfwSetInputMode sin resolver al que se hace referencia en la función main
Final.obj : error LNK2019: símbolo externo glfwGetKey sin resolver al que se hace referencia en la función "void __cdecl my_input(struct GLFWwindow *,int,int,int,int)" (?my_input@@YAXPEAUGLFWwindow@@HHHH@Z)
Final.obj : error LNK2019: símbolo externo glfwSetKeyCallback sin resolver al que se hace referencia en la función main
Final.obj : error LNK2019: símbolo externo glfwSetCursorPosCallback sin resolver al que se hace referencia en la función main
Final.obj : error LNK2019: símbolo externo glfwSetScrollCallback sin resolver al que se hace referencia en la función main
Final.obj : error LNK2019: símbolo externo glfwMakeContextCurrent sin resolver al que se hace referencia en la función main
Final.obj : error LNK2019: símbolo externo glfwSwapBuffers sin resolver al que se hace referencia en la función main
Final.obj : error LNK2019: símbolo externo glfwGetProcAddress sin resolver al que se hace referencia en la función main
Final.obj : error LNK2019: símbolo externo SDL_GetTicks sin resolver al que se hace referencia en la función main
Final.obj : error LNK2019: símbolo externo SDL_Delay sin resolver al que se hace referencia en la función main
Final.obj : error LNK2019: símbolo externo "public: __cdecl Assimp::Importer::Importer(void)" (??0Importer@Assimp@@QEAA@XZ) sin resolver al que se hace referencia en la función "private: void __cdecl Model::loadModel(class std::basic_string<char,struct std::char_traits<char>,class std::allocator<char> > const &)" (?loadModel@Model@@AEAAXAEBV?$basic_string@DU?$char_traits@D@std@@V?$allocator@D@2@@std@@@Z)
Final.obj : error LNK2019: símbolo externo "public: __cdecl Assimp::Importer::~Importer(void)" (??1Importer@Assimp@@QEAA@XZ) sin resolver al que se hace referencia en la función "private: void __cdecl Model::loadModel(class std::basic_string<char,struct std::char_traits<char>,class std::allocator<char> > const &)" (?loadModel@Model@@AEAAXAEBV?$basic_string@DU?$char_traits@D@std@@V?$allocator@D@2@@std@@@Z)
Final.obj : error LNK2019: símbolo externo "public: struct aiScene const * __cdecl Assimp::Importer::ReadFile(char const *,unsigned int)" (?ReadFile@Importer@Assimp@@QEAAPEBUaiScene@@PEBDI@Z) sin resolver al que se hace referencia en la función "public: struct aiScene const * __cdecl Assimp::Importer::ReadFile(class std::basic_string<char,struct std::char_traits<char>,class std::allocator<char> > const &,unsigned int)" (?ReadFile@Importer@Assimp@@QEAAPEBUaiScene@@AEBV?$basic_string@DU?$char_traits@D@std@@V?$allocator@D@2@@std@@I@Z)
Final.obj : error LNK2019: símbolo externo "public: char const * __cdecl Assimp::Importer::GetErrorString(void)const " (?GetErrorString@Importer@Assimp@@QEBAPEBDXZ) sin resolver al que se hace referencia en la función "private: void __cdecl Model::loadModel(class std::basic_string<char,struct std::char_traits<char>,class std::allocator<char> > const &)" (?loadModel@Model@@AEAAXAEBV?$basic_string@DU?$char_traits@D@std@@V?$allocator@D@2@@std@@@Z)
Final.obj : error LNK2019: símbolo externo aiGetMaterialTextureCount sin resolver al que se hace referencia en la función "public: unsigned int __cdecl aiMaterial::GetTextureCount(enum aiTextureType)const " (?GetTextureCount@aiMaterial@@QEBAIW4aiTextureType@@@Z)
Final.obj : error LNK2019: símbolo externo aiGetMaterialTexture sin resolver al que se hace referencia en la función "public: enum aiReturn __cdecl aiMaterial::GetTexture(enum aiTextureType,unsigned int,struct aiString *,enum aiTextureMapping *,unsigned int *,float *,enum aiTextureOp *,enum aiTextureMapMode *)const " (?GetTexture@aiMaterial@@QEBA?AW4aiReturn@@W4aiTextureType@@IPEAUaiString@@PEAW4aiTextureMapping@@PEAIPEAMPEAW4aiTextureOp@@PEAW4aiTextureMapMode@@@Z)
lib\SDL2.lib : warning LNK4272: el tipo de máquina de biblioteca 'x86' está en conflicto con el tipo de máquina de destino 'x64'
lib\SDL2main.lib : warning LNK4272: el tipo de máquina de biblioteca 'x86' está en conflicto con el tipo de máquina de destino 'x64'
lib\assimp-vc141-mtd.lib : warning LNK4272: el tipo de máquina de biblioteca 'x86' está en conflicto con el tipo de máquina de destino 'x64'
lib\glew32.lib : warning LNK4272: el tipo de máquina de biblioteca 'x86' está en conflicto con el tipo de máquina de destino 'x64'
lib\glfw3.lib : warning LNK4272: el tipo de máquina de biblioteca 'x86' está en conflicto con el tipo de máquina de destino 'x64'
C:\Users\pecer\OneDrive\Documents\GitHub\Lab_Computaci-n_Gr-fica\Proyecto\x64\Debug\Project3.exe : fatal error LNK1120: 26 externos sin resolver
